-------------------------------------------------------------------------------
Test set: com.com470.holaMundoApp.service.ConexionBDTest
-------------------------------------------------------------------------------
Tests run: 1, Failures: 1, Errors: 0, Skipped: 0, Time elapsed: 0.008 sec <<< FAILURE! - in com.com470.holaMundoApp.service.ConexionBDTest
testGetConexionBD(com.com470.holaMundoApp.service.ConexionBDTest)  Time elapsed: 0.008 sec  <<< FAILURE!
java.lang.AssertionError: no hay conexion
	at com.com470.holaMundoApp.service.ConexionBDTest.testGetConexionBD(ConexionBDTest.java:22)

